[debug] [2025-12-04T15:37:09.769Z] ----------------------------------------------------------------------
[debug] [2025-12-04T15:37:09.771Z] Command:       /usr/local/share/nvm/versions/node/v24.11.1/bin/node /home/codespace/nvm/current/bin/firebase deploy --only functions:generateChatResponse
[debug] [2025-12-04T15:37:09.772Z] CLI Version:   14.26.0
[debug] [2025-12-04T15:37:09.772Z] Platform:      linux
[debug] [2025-12-04T15:37:09.772Z] Node Version:  v24.11.1
[debug] [2025-12-04T15:37:09.772Z] Time:          Thu Dec 04 2025 15:37:09 GMT+0000 (Coordinated Universal Time)
[debug] [2025-12-04T15:37:09.772Z] Env Overrides: GITHUB_API_URL, GITHUB_API_URL
[debug] [2025-12-04T15:37:09.772Z] ----------------------------------------------------------------------
[debug] 
[debug] [2025-12-04T15:37:09.954Z] Object "/functions" in "firebase.json" has unknown property: {"additionalProperty":"region"}
[debug] [2025-12-04T15:37:09.954Z] Object "/functions" in "firebase.json" is missing required property: {"missingProperty":"remoteSource"}
[debug] [2025-12-04T15:37:09.954Z] Field "/functions" in "firebase.json" is possibly invalid: must be array
[debug] [2025-12-04T15:37:09.954Z] Field "/functions" in "firebase.json" is possibly invalid: must match a schema in anyOf
[debug] [2025-12-04T15:37:09.957Z] > command requires scopes: ["email","openid","https://www.googleapis.com/auth/cloudplatformprojects.readonly","https://www.googleapis.com/auth/firebase","https://www.googleapis.com/auth/cloud-platform"]
[debug] [2025-12-04T15:37:09.957Z] > authorizing via signed-in user (tecnicfitia@tecnicalfitnesartificialintelligence.app)
[debug] [2025-12-04T15:37:09.957Z] [iam] checking project studio-9130063297-9636d for permissions ["cloudfunctions.functions.create","cloudfunctions.functions.delete","cloudfunctions.functions.get","cloudfunctions.functions.list","cloudfunctions.functions.update","cloudfunctions.operations.get","firebase.projects.get"]
[debug] [2025-12-04T15:37:09.958Z] Checked if tokens are valid: true, expires at: 1764864933160
[debug] [2025-12-04T15:37:09.958Z] Checked if tokens are valid: true, expires at: 1764864933160
[debug] [2025-12-04T15:37:09.959Z] >>> [apiv2][query] POST https://cloudresourcemanager.googleapis.com/v1/projects/studio-9130063297-9636d:testIamPermissions [none]
[debug] [2025-12-04T15:37:09.959Z] >>> [apiv2][(partial)header] POST https://cloudresourcemanager.googleapis.com/v1/projects/studio-9130063297-9636d:testIamPermissions x-goog-quota-user=projects/studio-9130063297-9636d
[debug] [2025-12-04T15:37:09.960Z] >>> [apiv2][body] POST https://cloudresourcemanager.googleapis.com/v1/projects/studio-9130063297-9636d:testIamPermissions {"permissions":["cloudfunctions.functions.create","cloudfunctions.functions.delete","cloudfunctions.functions.get","cloudfunctions.functions.list","cloudfunctions.functions.update","cloudfunctions.operations.get","firebase.projects.get"]}
[debug] [2025-12-04T15:37:10.565Z] <<< [apiv2][status] POST https://cloudresourcemanager.googleapis.com/v1/projects/studio-9130063297-9636d:testIamPermissions 200
[debug] [2025-12-04T15:37:10.565Z] <<< [apiv2][body] POST https://cloudresourcemanager.googleapis.com/v1/projects/studio-9130063297-9636d:testIamPermissions {"permissions":["cloudfunctions.functions.create","cloudfunctions.functions.delete","cloudfunctions.functions.get","cloudfunctions.functions.list","cloudfunctions.functions.update","cloudfunctions.operations.get","firebase.projects.get"]}
[debug] [2025-12-04T15:37:10.566Z] Checked if tokens are valid: true, expires at: 1764864933160
[debug] [2025-12-04T15:37:10.566Z] Checked if tokens are valid: true, expires at: 1764864933160
[debug] [2025-12-04T15:37:10.566Z] >>> [apiv2][query] POST https://iam.googleapis.com/v1/projects/studio-9130063297-9636d/serviceAccounts/studio-9130063297-9636d@appspot.gserviceaccount.com:testIamPermissions [none]
[debug] [2025-12-04T15:37:10.566Z] >>> [apiv2][body] POST https://iam.googleapis.com/v1/projects/studio-9130063297-9636d/serviceAccounts/studio-9130063297-9636d@appspot.gserviceaccount.com:testIamPermissions {"permissions":["iam.serviceAccounts.actAs"]}
[debug] [2025-12-04T15:37:11.164Z] <<< [apiv2][status] POST https://iam.googleapis.com/v1/projects/studio-9130063297-9636d/serviceAccounts/studio-9130063297-9636d@appspot.gserviceaccount.com:testIamPermissions 200
[debug] [2025-12-04T15:37:11.165Z] <<< [apiv2][body] POST https://iam.googleapis.com/v1/projects/studio-9130063297-9636d/serviceAccounts/studio-9130063297-9636d@appspot.gserviceaccount.com:testIamPermissions {"permissions":["iam.serviceAccounts.actAs"]}
[info] 
[info] === Deploying to 'studio-9130063297-9636d'...
[info] 
[info] i  deploying functions 
[debug] [2025-12-04T15:37:11.167Z] Checked if tokens are valid: true, expires at: 1764864933160
[debug] [2025-12-04T15:37:11.168Z] Checked if tokens are valid: true, expires at: 1764864933160
[debug] [2025-12-04T15:37:11.168Z] >>> [apiv2][query] GET https://cloudresourcemanager.googleapis.com/v1/projects/studio-9130063297-9636d [none]
[debug] [2025-12-04T15:37:11.335Z] <<< [apiv2][status] GET https://cloudresourcemanager.googleapis.com/v1/projects/studio-9130063297-9636d 200
[debug] [2025-12-04T15:37:11.335Z] <<< [apiv2][body] GET https://cloudresourcemanager.googleapis.com/v1/projects/studio-9130063297-9636d {"projectNumber":"1091783968160","projectId":"studio-9130063297-9636d","lifecycleState":"ACTIVE","name":"Firebase app","labels":{"firebase":"enabled","firebase-core":"disabled"},"createTime":"2025-11-20T21:40:30.002447Z","parent":{"type":"folder","id":"298258681344"}}
[info] i  functions: preparing codebase default for deployment 
[info] i  functions: ensuring required API cloudfunctions.googleapis.com is enabled... 
[info] i  functions: ensuring required API cloudbuild.googleapis.com is enabled... 
[info] i  artifactregistry: ensuring required API artifactregistry.googleapis.com is enabled... 
[debug] [2025-12-04T15:37:11.337Z] Checked if tokens are valid: true, expires at: 1764864933160
[debug] [2025-12-04T15:37:11.337Z] Checked if tokens are valid: true, expires at: 1764864933160
[debug] [2025-12-04T15:37:11.337Z] >>> [apiv2][query] GET https://firebase.googleapis.com/v1beta1/projects/studio-9130063297-9636d/adminSdkConfig [none]
[debug] [2025-12-04T15:37:11.891Z] <<< [apiv2][status] GET https://firebase.googleapis.com/v1beta1/projects/studio-9130063297-9636d/adminSdkConfig 200
[debug] [2025-12-04T15:37:11.891Z] <<< [apiv2][body] GET https://firebase.googleapis.com/v1beta1/projects/studio-9130063297-9636d/adminSdkConfig {"projectId":"studio-9130063297-9636d","storageBucket":"studio-9130063297-9636d.firebasestorage.app"}
[debug] [2025-12-04T15:37:11.892Z] Checked if tokens are valid: true, expires at: 1764864933160
[debug] [2025-12-04T15:37:11.892Z] Checked if tokens are valid: true, expires at: 1764864933160
[debug] [2025-12-04T15:37:11.892Z] >>> [apiv2][query] GET https://runtimeconfig.googleapis.com/v1beta1/projects/studio-9130063297-9636d/configs [none]
[debug] [2025-12-04T15:37:12.119Z] <<< [apiv2][status] GET https://runtimeconfig.googleapis.com/v1beta1/projects/studio-9130063297-9636d/configs 200
[debug] [2025-12-04T15:37:12.119Z] <<< [apiv2][body] GET https://runtimeconfig.googleapis.com/v1beta1/projects/studio-9130063297-9636d/configs {}
[debug] [2025-12-04T15:37:12.120Z] Validating nodejs source
[debug] [2025-12-04T15:37:12.471Z] > [functions] package.json contents: {
  "name": "functions",
  "description": "Cloud Functions for Firebase",
  "scripts": {
    "serve": "firebase emulators:start --only functions",
    "shell": "firebase functions:shell",
    "start": "npm run shell",
    "deploy": "firebase deploy --only functions",
    "logs": "firebase functions:log"
  },
  "engines": {
    "node": "20"
  },
  "main": "index.js",
  "dependencies": {
    "@google/genai": "^1.30.0",
    "@simplewebauthn/server": "^13.2.2",
    "firebase-admin": "^13.6.0",
    "firebase-functions": "^7.0.0",
    "gocardless-nodejs": "^1.0.0",
    "googleapis": "^140.0.0",
    "plaid": "^26.0.0",
    "stripe": "^14.0.0"
  },
  "devDependencies": {
    "firebase-functions-test": "^3.1.0"
  },
  "private": true
}
[debug] [2025-12-04T15:37:12.471Z] Building nodejs source
[info] i  functions: Loading and analyzing source code for codebase default to determine what to deploy 
[debug] [2025-12-04T15:37:12.472Z] Could not find functions.yaml. Must use http discovery
[debug] [2025-12-04T15:37:12.476Z] Found firebase-functions binary at '/workspaces/mayordomo/functions/node_modules/.bin/firebase-functions'
[info] Serving at port 8546

[debug] [2025-12-04T15:37:13.616Z] Got response from /__/functions.yaml {"endpoints":{"checkEmailVerification":{"availableMemoryMb":null,"timeoutSeconds":null,"minInstances":null,"maxInstances":null,"ingressSettings":null,"concurrency":null,"serviceAccountEmail":null,"vpc":null,"platform":"gcfv2","labels":{},"blockingTrigger":{"eventType":"providers/cloud.auth/eventTypes/user.beforeSignIn","options":{"accessToken":false,"idToken":false,"refreshToken":false}},"entryPoint":"checkEmailVerification"},"createLinkToken":{"availableMemoryMb":null,"timeoutSeconds":null,"minInstances":null,"maxInstances":10,"ingressSettings":null,"concurrency":null,"serviceAccountEmail":null,"vpc":null,"platform":"gcfv2","secretEnvironmentVariables":[{"key":"PLAID_CLIENT_ID"},{"key":"PLAID_SECRET"}],"labels":{},"httpsTrigger":{},"entryPoint":"createLinkToken"},"exchangePublicToken":{"availableMemoryMb":null,"timeoutSeconds":null,"minInstances":null,"maxInstances":10,"ingressSettings":null,"concurrency":null,"serviceAccountEmail":null,"vpc":null,"platform":"gcfv2","secretEnvironmentVariables":[{"key":"PLAID_CLIENT_ID"},{"key":"PLAID_SECRET"}],"labels":{},"httpsTrigger":{},"entryPoint":"exchangePublicToken"},"getBankData":{"availableMemoryMb":null,"timeoutSeconds":null,"minInstances":null,"maxInstances":10,"ingressSettings":null,"concurrency":null,"serviceAccountEmail":null,"vpc":null,"platform":"gcfv2","secretEnvironmentVariables":[{"key":"PLAID_CLIENT_ID"},{"key":"PLAID_SECRET"}],"labels":{},"httpsTrigger":{},"entryPoint":"getBankData"},"disconnectBank":{"availableMemoryMb":null,"timeoutSeconds":null,"minInstances":null,"maxInstances":10,"ingressSettings":null,"concurrency":null,"serviceAccountEmail":null,"vpc":null,"platform":"gcfv2","secretEnvironmentVariables":[{"key":"PLAID_CLIENT_ID"},{"key":"PLAID_SECRET"}],"labels":{},"httpsTrigger":{},"entryPoint":"disconnectBank"},"getGmailAuthUrl":{"availableMemoryMb":null,"timeoutSeconds":null,"minInstances":null,"maxInstances":10,"ingressSettings":null,"concurrency":null,"serviceAccountEmail":null,"vpc":null,"platform":"gcfv2","secretEnvironmentVariables":[{"key":"GMAIL_CLIENT_ID"},{"key":"GMAIL_CLIENT_SECRET"}],"labels":{},"httpsTrigger":{},"entryPoint":"getGmailAuthUrl"},"scanGmail":{"availableMemoryMb":null,"timeoutSeconds":null,"minInstances":null,"maxInstances":10,"ingressSettings":null,"concurrency":null,"serviceAccountEmail":null,"vpc":null,"platform":"gcfv2","secretEnvironmentVariables":[{"key":"GMAIL_CLIENT_ID"},{"key":"GMAIL_CLIENT_SECRET"}],"labels":{},"httpsTrigger":{},"entryPoint":"scanGmail"},"generateChatResponse":{"availableMemoryMb":null,"timeoutSeconds":null,"minInstances":null,"maxInstances":10,"ingressSettings":null,"concurrency":null,"serviceAccountEmail":null,"vpc":null,"platform":"gcfv2","secretEnvironmentVariables":[{"key":"GOOGLE_GEN_AI_KEY"}],"labels":{},"httpsTrigger":{},"entryPoint":"generateChatResponse"},"inferObligations":{"availableMemoryMb":null,"timeoutSeconds":null,"minInstances":null,"maxInstances":10,"ingressSettings":null,"concurrency":null,"serviceAccountEmail":null,"vpc":null,"platform":"gcfv2","secretEnvironmentVariables":[{"key":"GOOGLE_GEN_AI_KEY"}],"labels":{},"httpsTrigger":{},"entryPoint":"inferObligations"},"analyzeGapAndPropose":{"availableMemoryMb":null,"timeoutSeconds":null,"minInstances":null,"maxInstances":10,"ingressSettings":null,"concurrency":null,"serviceAccountEmail":null,"vpc":null,"platform":"gcfv2","secretEnvironmentVariables":[{"key":"GOOGLE_GEN_AI_KEY"}],"labels":{},"httpsTrigger":{},"entryPoint":"analyzeGapAndPropose"},"generateRegistrationOptions":{"availableMemoryMb":null,"timeoutSeconds":null,"minInstances":null,"maxInstances":null,"ingressSettings":null,"concurrency":null,"serviceAccountEmail":null,"vpc":null,"platform":"gcfv2","labels":{},"callableTrigger":{},"entryPoint":"generateRegistrationOptions"},"verifyRegistration":{"availableMemoryMb":null,"timeoutSeconds":null,"minInstances":null,"maxInstances":null,"ingressSettings":null,"concurrency":null,"serviceAccountEmail":null,"vpc":null,"platform":"gcfv2","labels":{},"callableTrigger":{},"entryPoint":"verifyRegistration"},"generateAuthenticationOptions":{"availableMemoryMb":null,"timeoutSeconds":null,"minInstances":null,"maxInstances":null,"ingressSettings":null,"concurrency":null,"serviceAccountEmail":null,"vpc":null,"platform":"gcfv2","labels":{},"callableTrigger":{},"entryPoint":"generateAuthenticationOptions"},"verifyAuthentication":{"availableMemoryMb":null,"timeoutSeconds":null,"minInstances":null,"maxInstances":null,"ingressSettings":null,"concurrency":null,"serviceAccountEmail":null,"vpc":null,"platform":"gcfv2","labels":{},"callableTrigger":{},"entryPoint":"verifyAuthentication"},"stripeWebhook":{"availableMemoryMb":null,"timeoutSeconds":null,"minInstances":null,"maxInstances":null,"ingressSettings":null,"concurrency":null,"serviceAccountEmail":null,"vpc":null,"platform":"gcfv2","secretEnvironmentVariables":[{"key":"STRIPE_SECRET_KEY"},{"key":"STRIPE_WEBHOOK_SECRET"}],"labels":{},"httpsTrigger":{},"entryPoint":"stripeWebhook"}},"specVersion":"v1alpha1","requiredAPIs":[{"api":"identitytoolkit.googleapis.com","reason":"Needed for auth blocking functions"}],"extensions":{},"params":[{"type":"secret","name":"PLAID_CLIENT_ID"},{"type":"secret","name":"PLAID_SECRET"},{"type":"secret","name":"GMAIL_CLIENT_ID"},{"type":"secret","name":"GMAIL_CLIENT_SECRET"},{"type":"secret","name":"GOOGLE_GEN_AI_KEY"},{"type":"secret","name":"STRIPE_SECRET_KEY"},{"type":"secret","name":"STRIPE_WEBHOOK_SECRET"}]}
[info] i  extensions: ensuring required API firebaseextensions.googleapis.com is enabled... 
[debug] [2025-12-04T15:37:17.653Z] > command requires scopes: ["email","openid","https://www.googleapis.com/auth/cloudplatformprojects.readonly","https://www.googleapis.com/auth/firebase","https://www.googleapis.com/auth/cloud-platform"]
[debug] [2025-12-04T15:37:17.653Z] > authorizing via signed-in user (tecnicfitia@tecnicalfitnesartificialintelligence.app)
[debug] [2025-12-04T15:37:17.653Z] [iam] checking project studio-9130063297-9636d for permissions ["firebase.projects.get","firebaseextensions.instances.list"]
[debug] [2025-12-04T15:37:17.654Z] Checked if tokens are valid: true, expires at: 1764864933160
[debug] [2025-12-04T15:37:17.654Z] Checked if tokens are valid: true, expires at: 1764864933160
[debug] [2025-12-04T15:37:17.654Z] >>> [apiv2][query] POST https://cloudresourcemanager.googleapis.com/v1/projects/studio-9130063297-9636d:testIamPermissions [none]
[debug] [2025-12-04T15:37:17.654Z] >>> [apiv2][(partial)header] POST https://cloudresourcemanager.googleapis.com/v1/projects/studio-9130063297-9636d:testIamPermissions x-goog-quota-user=projects/studio-9130063297-9636d
[debug] [2025-12-04T15:37:17.654Z] >>> [apiv2][body] POST https://cloudresourcemanager.googleapis.com/v1/projects/studio-9130063297-9636d:testIamPermissions {"permissions":["firebase.projects.get","firebaseextensions.instances.list"]}
[debug] [2025-12-04T15:37:18.244Z] <<< [apiv2][status] POST https://cloudresourcemanager.googleapis.com/v1/projects/studio-9130063297-9636d:testIamPermissions 200
[debug] [2025-12-04T15:37:18.244Z] <<< [apiv2][body] POST https://cloudresourcemanager.googleapis.com/v1/projects/studio-9130063297-9636d:testIamPermissions {"permissions":["firebase.projects.get","firebaseextensions.instances.list"]}
[debug] [2025-12-04T15:37:18.244Z] Checked if tokens are valid: true, expires at: 1764864933160
[debug] [2025-12-04T15:37:18.245Z] Checked if tokens are valid: true, expires at: 1764864933160
[debug] [2025-12-04T15:37:18.245Z] >>> [apiv2][query] GET https://firebaseextensions.googleapis.com/v1beta/projects/studio-9130063297-9636d/instances pageSize=100&pageToken=
[debug] [2025-12-04T15:37:18.934Z] <<< [apiv2][status] GET https://firebaseextensions.googleapis.com/v1beta/projects/studio-9130063297-9636d/instances 200
[debug] [2025-12-04T15:37:18.934Z] <<< [apiv2][body] GET https://firebaseextensions.googleapis.com/v1beta/projects/studio-9130063297-9636d/instances {}
[debug] [2025-12-04T15:37:18.935Z] Checked if tokens are valid: true, expires at: 1764864933160
[debug] [2025-12-04T15:37:18.935Z] Checked if tokens are valid: true, expires at: 1764864933160
[debug] [2025-12-04T15:37:18.936Z] >>> [apiv2][query] GET https://secretmanager.googleapis.com/v1/projects/studio-9130063297-9636d/secrets/PLAID_CLIENT_ID [none]
[debug] [2025-12-04T15:37:19.128Z] <<< [apiv2][status] GET https://secretmanager.googleapis.com/v1/projects/studio-9130063297-9636d/secrets/PLAID_CLIENT_ID 200
[debug] [2025-12-04T15:37:19.128Z] <<< [apiv2][body] GET https://secretmanager.googleapis.com/v1/projects/studio-9130063297-9636d/secrets/PLAID_CLIENT_ID {"name":"projects/1091783968160/secrets/PLAID_CLIENT_ID","replication":{"automatic":{}},"createTime":"2025-12-01T14:39:24.520605Z","etag":"\"1644e4f215f4f0\""}
[debug] [2025-12-04T15:37:19.129Z] Checked if tokens are valid: true, expires at: 1764864933160
[debug] [2025-12-04T15:37:19.129Z] Checked if tokens are valid: true, expires at: 1764864933160
[debug] [2025-12-04T15:37:19.129Z] >>> [apiv2][query] GET https://secretmanager.googleapis.com/v1/projects/studio-9130063297-9636d/secrets/PLAID_CLIENT_ID/versions/latest [none]
[debug] [2025-12-04T15:37:19.280Z] <<< [apiv2][status] GET https://secretmanager.googleapis.com/v1/projects/studio-9130063297-9636d/secrets/PLAID_CLIENT_ID/versions/latest 200
[debug] [2025-12-04T15:37:19.280Z] <<< [apiv2][body] GET https://secretmanager.googleapis.com/v1/projects/studio-9130063297-9636d/secrets/PLAID_CLIENT_ID/versions/latest {"name":"projects/1091783968160/secrets/PLAID_CLIENT_ID/versions/2","createTime":"2025-12-01T21:03:49.302443Z","state":"ENABLED","replicationStatus":{"automatic":{}},"etag":"\"1644ea50d2f4ab\""}
[debug] [2025-12-04T15:37:19.280Z] Checked if tokens are valid: true, expires at: 1764864933160
[debug] [2025-12-04T15:37:19.281Z] Checked if tokens are valid: true, expires at: 1764864933160
[debug] [2025-12-04T15:37:19.281Z] >>> [apiv2][query] GET https://secretmanager.googleapis.com/v1/projects/studio-9130063297-9636d/secrets/PLAID_SECRET [none]
[debug] [2025-12-04T15:37:19.429Z] <<< [apiv2][status] GET https://secretmanager.googleapis.com/v1/projects/studio-9130063297-9636d/secrets/PLAID_SECRET 200
[debug] [2025-12-04T15:37:19.430Z] <<< [apiv2][body] GET https://secretmanager.googleapis.com/v1/projects/studio-9130063297-9636d/secrets/PLAID_SECRET {"name":"projects/1091783968160/secrets/PLAID_SECRET","replication":{"automatic":{}},"createTime":"2025-12-01T14:40:23.052235Z","labels":{"firebase-managed":"functions"},"etag":"\"1644fa9b7bf542\""}
[debug] [2025-12-04T15:37:19.430Z] Checked if tokens are valid: true, expires at: 1764864933160
[debug] [2025-12-04T15:37:19.430Z] Checked if tokens are valid: true, expires at: 1764864933160
[debug] [2025-12-04T15:37:19.430Z] >>> [apiv2][query] GET https://secretmanager.googleapis.com/v1/projects/studio-9130063297-9636d/secrets/PLAID_SECRET/versions/latest [none]
[debug] [2025-12-04T15:37:19.583Z] <<< [apiv2][status] GET https://secretmanager.googleapis.com/v1/projects/studio-9130063297-9636d/secrets/PLAID_SECRET/versions/latest 200
[debug] [2025-12-04T15:37:19.583Z] <<< [apiv2][body] GET https://secretmanager.googleapis.com/v1/projects/studio-9130063297-9636d/secrets/PLAID_SECRET/versions/latest {"name":"projects/1091783968160/secrets/PLAID_SECRET/versions/3","createTime":"2025-12-02T16:30:19.114011Z","state":"ENABLED","replicationStatus":{"automatic":{}},"etag":"\"1644fa9c8aba1b\""}
[debug] [2025-12-04T15:37:19.584Z] Checked if tokens are valid: true, expires at: 1764864933160
[debug] [2025-12-04T15:37:19.584Z] Checked if tokens are valid: true, expires at: 1764864933160
[debug] [2025-12-04T15:37:19.584Z] >>> [apiv2][query] GET https://secretmanager.googleapis.com/v1/projects/studio-9130063297-9636d/secrets/GMAIL_CLIENT_ID [none]
[debug] [2025-12-04T15:37:19.700Z] <<< [apiv2][status] GET https://secretmanager.googleapis.com/v1/projects/studio-9130063297-9636d/secrets/GMAIL_CLIENT_ID 200
[debug] [2025-12-04T15:37:19.700Z] <<< [apiv2][body] GET https://secretmanager.googleapis.com/v1/projects/studio-9130063297-9636d/secrets/GMAIL_CLIENT_ID {"name":"projects/1091783968160/secrets/GMAIL_CLIENT_ID","replication":{"automatic":{}},"createTime":"2025-12-02T13:32:52.629144Z","labels":{"firebase-managed":"functions"},"etag":"\"1644f822000af3\""}
[debug] [2025-12-04T15:37:19.700Z] Checked if tokens are valid: true, expires at: 1764864933160
[debug] [2025-12-04T15:37:19.700Z] Checked if tokens are valid: true, expires at: 1764864933160
[debug] [2025-12-04T15:37:19.700Z] >>> [apiv2][query] GET https://secretmanager.googleapis.com/v1/projects/studio-9130063297-9636d/secrets/GMAIL_CLIENT_ID/versions/latest [none]
[debug] [2025-12-04T15:37:19.846Z] <<< [apiv2][status] GET https://secretmanager.googleapis.com/v1/projects/studio-9130063297-9636d/secrets/GMAIL_CLIENT_ID/versions/latest 200
[debug] [2025-12-04T15:37:19.846Z] <<< [apiv2][body] GET https://secretmanager.googleapis.com/v1/projects/studio-9130063297-9636d/secrets/GMAIL_CLIENT_ID/versions/latest {"name":"projects/1091783968160/secrets/GMAIL_CLIENT_ID/versions/1","createTime":"2025-12-02T13:42:26.592932Z","state":"ENABLED","replicationStatus":{"automatic":{}},"etag":"\"1644f8442c40a4\""}
[debug] [2025-12-04T15:37:19.846Z] Checked if tokens are valid: true, expires at: 1764864933160
[debug] [2025-12-04T15:37:19.846Z] Checked if tokens are valid: true, expires at: 1764864933160
[debug] [2025-12-04T15:37:19.847Z] >>> [apiv2][query] GET https://secretmanager.googleapis.com/v1/projects/studio-9130063297-9636d/secrets/GMAIL_CLIENT_SECRET [none]
[debug] [2025-12-04T15:37:19.997Z] <<< [apiv2][status] GET https://secretmanager.googleapis.com/v1/projects/studio-9130063297-9636d/secrets/GMAIL_CLIENT_SECRET 200
[debug] [2025-12-04T15:37:19.997Z] <<< [apiv2][body] GET https://secretmanager.googleapis.com/v1/projects/studio-9130063297-9636d/secrets/GMAIL_CLIENT_SECRET {"name":"projects/1091783968160/secrets/GMAIL_CLIENT_SECRET","replication":{"automatic":{}},"createTime":"2025-12-02T13:42:49.350752Z","labels":{"firebase-managed":"functions"},"etag":"\"1644f8459148b1\""}
[debug] [2025-12-04T15:37:19.998Z] Checked if tokens are valid: true, expires at: 1764864933160
[debug] [2025-12-04T15:37:19.998Z] Checked if tokens are valid: true, expires at: 1764864933160
[debug] [2025-12-04T15:37:19.998Z] >>> [apiv2][query] GET https://secretmanager.googleapis.com/v1/projects/studio-9130063297-9636d/secrets/GMAIL_CLIENT_SECRET/versions/latest [none]
[debug] [2025-12-04T15:37:20.163Z] <<< [apiv2][status] GET https://secretmanager.googleapis.com/v1/projects/studio-9130063297-9636d/secrets/GMAIL_CLIENT_SECRET/versions/latest 200
[debug] [2025-12-04T15:37:20.163Z] <<< [apiv2][body] GET https://secretmanager.googleapis.com/v1/projects/studio-9130063297-9636d/secrets/GMAIL_CLIENT_SECRET/versions/latest {"name":"projects/1091783968160/secrets/GMAIL_CLIENT_SECRET/versions/2","createTime":"2025-12-02T16:29:44.292336Z","state":"ENABLED","replicationStatus":{"automatic":{}},"etag":"\"1644fa9a7763f0\""}
[debug] [2025-12-04T15:37:20.163Z] Checked if tokens are valid: true, expires at: 1764864933160
[debug] [2025-12-04T15:37:20.163Z] Checked if tokens are valid: true, expires at: 1764864933160
[debug] [2025-12-04T15:37:20.163Z] >>> [apiv2][query] GET https://secretmanager.googleapis.com/v1/projects/studio-9130063297-9636d/secrets/GOOGLE_GEN_AI_KEY [none]
[debug] [2025-12-04T15:37:20.329Z] <<< [apiv2][status] GET https://secretmanager.googleapis.com/v1/projects/studio-9130063297-9636d/secrets/GOOGLE_GEN_AI_KEY 200
[debug] [2025-12-04T15:37:20.329Z] <<< [apiv2][body] GET https://secretmanager.googleapis.com/v1/projects/studio-9130063297-9636d/secrets/GOOGLE_GEN_AI_KEY {"name":"projects/1091783968160/secrets/GOOGLE_GEN_AI_KEY","replication":{"automatic":{}},"createTime":"2025-12-02T16:17:36.948698Z","labels":{"firebase-managed":"functions"},"etag":"\"1644fa6f26c12d\""}
[debug] [2025-12-04T15:37:20.329Z] Checked if tokens are valid: true, expires at: 1764864933160
[debug] [2025-12-04T15:37:20.329Z] Checked if tokens are valid: true, expires at: 1764864933160
[debug] [2025-12-04T15:37:20.329Z] >>> [apiv2][query] GET https://secretmanager.googleapis.com/v1/projects/studio-9130063297-9636d/secrets/GOOGLE_GEN_AI_KEY/versions/latest [none]
[debug] [2025-12-04T15:37:20.479Z] <<< [apiv2][status] GET https://secretmanager.googleapis.com/v1/projects/studio-9130063297-9636d/secrets/GOOGLE_GEN_AI_KEY/versions/latest 200
[debug] [2025-12-04T15:37:20.479Z] <<< [apiv2][body] GET https://secretmanager.googleapis.com/v1/projects/studio-9130063297-9636d/secrets/GOOGLE_GEN_AI_KEY/versions/latest {"name":"projects/1091783968160/secrets/GOOGLE_GEN_AI_KEY/versions/2","createTime":"2025-12-02T19:27:01.561603Z","state":"ENABLED","replicationStatus":{"automatic":{}},"etag":"\"1644fd147f3d03\""}
[debug] [2025-12-04T15:37:20.479Z] Checked if tokens are valid: true, expires at: 1764864933160
[debug] [2025-12-04T15:37:20.479Z] Checked if tokens are valid: true, expires at: 1764864933160
[debug] [2025-12-04T15:37:20.480Z] >>> [apiv2][query] GET https://secretmanager.googleapis.com/v1/projects/studio-9130063297-9636d/secrets/STRIPE_SECRET_KEY [none]
[debug] [2025-12-04T15:37:20.630Z] <<< [apiv2][status] GET https://secretmanager.googleapis.com/v1/projects/studio-9130063297-9636d/secrets/STRIPE_SECRET_KEY 200
[debug] [2025-12-04T15:37:20.631Z] <<< [apiv2][body] GET https://secretmanager.googleapis.com/v1/projects/studio-9130063297-9636d/secrets/STRIPE_SECRET_KEY {"name":"projects/1091783968160/secrets/STRIPE_SECRET_KEY","replication":{"automatic":{}},"createTime":"2025-11-28T16:36:42.587208Z","labels":{"firebase-managed":"functions"},"etag":"\"1644aa3c0dfe72\""}
[debug] [2025-12-04T15:37:20.631Z] Checked if tokens are valid: true, expires at: 1764864933160
[debug] [2025-12-04T15:37:20.631Z] Checked if tokens are valid: true, expires at: 1764864933160
[debug] [2025-12-04T15:37:20.631Z] >>> [apiv2][query] GET https://secretmanager.googleapis.com/v1/projects/studio-9130063297-9636d/secrets/STRIPE_SECRET_KEY/versions/latest [none]
[debug] [2025-12-04T15:37:20.784Z] <<< [apiv2][status] GET https://secretmanager.googleapis.com/v1/projects/studio-9130063297-9636d/secrets/STRIPE_SECRET_KEY/versions/latest 200
[debug] [2025-12-04T15:37:20.784Z] <<< [apiv2][body] GET https://secretmanager.googleapis.com/v1/projects/studio-9130063297-9636d/secrets/STRIPE_SECRET_KEY/versions/latest {"name":"projects/1091783968160/secrets/STRIPE_SECRET_KEY/versions/2","createTime":"2025-12-02T16:19:39.450663Z","state":"ENABLED","replicationStatus":{"automatic":{}},"etag":"\"1644fa766a3d27\""}
[debug] [2025-12-04T15:37:20.784Z] Checked if tokens are valid: true, expires at: 1764864933160
[debug] [2025-12-04T15:37:20.784Z] Checked if tokens are valid: true, expires at: 1764864933160
[debug] [2025-12-04T15:37:20.784Z] >>> [apiv2][query] GET https://secretmanager.googleapis.com/v1/projects/studio-9130063297-9636d/secrets/STRIPE_WEBHOOK_SECRET [none]
[debug] [2025-12-04T15:37:20.934Z] <<< [apiv2][status] GET https://secretmanager.googleapis.com/v1/projects/studio-9130063297-9636d/secrets/STRIPE_WEBHOOK_SECRET 200
[debug] [2025-12-04T15:37:20.935Z] <<< [apiv2][body] GET https://secretmanager.googleapis.com/v1/projects/studio-9130063297-9636d/secrets/STRIPE_WEBHOOK_SECRET {"name":"projects/1091783968160/secrets/STRIPE_WEBHOOK_SECRET","replication":{"automatic":{}},"createTime":"2025-12-01T15:12:27.367914Z","labels":{"firebase-managed":"functions"},"etag":"\"1644e56847e0a9\""}
[debug] [2025-12-04T15:37:20.935Z] Checked if tokens are valid: true, expires at: 1764864933160
[debug] [2025-12-04T15:37:20.935Z] Checked if tokens are valid: true, expires at: 1764864933160
[debug] [2025-12-04T15:37:20.935Z] >>> [apiv2][query] GET https://secretmanager.googleapis.com/v1/projects/studio-9130063297-9636d/secrets/STRIPE_WEBHOOK_SECRET/versions/latest [none]
[debug] [2025-12-04T15:37:21.082Z] <<< [apiv2][status] GET https://secretmanager.googleapis.com/v1/projects/studio-9130063297-9636d/secrets/STRIPE_WEBHOOK_SECRET/versions/latest 200
[debug] [2025-12-04T15:37:21.082Z] <<< [apiv2][body] GET https://secretmanager.googleapis.com/v1/projects/studio-9130063297-9636d/secrets/STRIPE_WEBHOOK_SECRET/versions/latest {"name":"projects/1091783968160/secrets/STRIPE_WEBHOOK_SECRET/versions/2","createTime":"2025-12-02T16:24:37.164450Z","state":"ENABLED","replicationStatus":{"automatic":{}},"etag":"\"1644fa8828fda2\""}
[info] i  functions: preparing functions directory for uploading... 
[info] i  functions: packaged /workspaces/mayordomo/functions (92.25 KB) for uploading 
[debug] [2025-12-04T15:37:21.120Z] Checked if tokens are valid: true, expires at: 1764864933160
[debug] [2025-12-04T15:37:21.120Z] Checked if tokens are valid: true, expires at: 1764864933160
[debug] [2025-12-04T15:37:21.120Z] >>> [apiv2][query] GET https://cloudfunctions.googleapis.com/v1/projects/studio-9130063297-9636d/locations/-/functions [none]
[debug] [2025-12-04T15:37:21.714Z] <<< [apiv2][status] GET https://cloudfunctions.googleapis.com/v1/projects/studio-9130063297-9636d/locations/-/functions 200
[debug] [2025-12-04T15:37:21.714Z] <<< [apiv2][body] GET https://cloudfunctions.googleapis.com/v1/projects/studio-9130063297-9636d/locations/-/functions {}
[debug] [2025-12-04T15:37:21.715Z] Checked if tokens are valid: true, expires at: 1764864933160
[debug] [2025-12-04T15:37:21.715Z] Checked if tokens are valid: true, expires at: 1764864933160
[debug] [2025-12-04T15:37:21.715Z] >>> [apiv2][query] GET https://cloudfunctions.googleapis.com/v2/projects/studio-9130063297-9636d/locations/-/functions filter=environment%3D%22GEN_2%22
[debug] [2025-12-04T15:37:22.662Z] <<< [apiv2][status] GET https://cloudfunctions.googleapis.com/v2/projects/studio-9130063297-9636d/locations/-/functions 200
[debug] [2025-12-04T15:37:22.662Z] <<< [apiv2][body] GET https://cloudfunctions.googleapis.com/v2/projects/studio-9130063297-9636d/locations/-/functions {"functions":[{"name":"projects/studio-9130063297-9636d/locations/us-central1/functions/exchangePublicToken","buildConfig":{"build":"projects/1091783968160/locations/us-central1/builds/a726add8-e647-4210-9fc1-894856227042","runtime":"nodejs20","entryPoint":"exchangePublicToken","source":{"storageSource":{"bucket":"gcf-v2-sources-1091783968160-us-central1","object":"exchangePublicToken/function-source.zip","generation":"1764854023029503"}},"environmentVariables":{"GOOGLE_NODE_RUN_SCRIPTS":""},"dockerRepository":"projects/studio-9130063297-9636d/locations/us-central1/repositories/gcf-artifacts","sourceProvenance":{"resolvedStorageSource":{"bucket":"gcf-v2-sources-1091783968160-us-central1","object":"exchangePublicToken/function-source.zip","generation":"1764854023029503"}},"dockerRegistry":"ARTIFACT_REGISTRY","serviceAccount":"projects/studio-9130063297-9636d/serviceAccounts/1091783968160-compute@developer.gserviceaccount.com","automaticUpdatePolicy":{}},"serviceConfig":{"service":"projects/studio-9130063297-9636d/locations/us-central1/services/exchangepublictoken","timeoutSeconds":60,"environmentVariables":{"FIREBASE_CONFIG":"{\"projectId\":\"studio-9130063297-9636d\",\"storageBucket\":\"studio-9130063297-9636d.firebasestorage.app\"}","GCLOUD_PROJECT":"studio-9130063297-9636d","EVENTARC_CLOUD_EVENT_SOURCE":"projects/studio-9130063297-9636d/locations/us-central1/services/exchangePublicToken","FUNCTION_TARGET":"exchangePublicToken","LOG_EXECUTION_ID":"true","FUNCTION_SIGNATURE_TYPE":"http"},"maxInstanceCount":10,"ingressSettings":"ALLOW_ALL","uri":"https://exchangepublictoken-qky5eul2mq-uc.a.run.app","serviceAccountEmail":"1091783968160-compute@developer.gserviceaccount.com","availableMemory":"256Mi","allTrafficOnLatestRevision":true,"secretEnvironmentVariables":[{"key":"PLAID_CLIENT_ID","projectId":"studio-9130063297-9636d","secret":"PLAID_CLIENT_ID","version":"2"},{"key":"PLAID_SECRET","projectId":"studio-9130063297-9636d","secret":"PLAID_SECRET","version":"3"}],"revision":"exchangepublictoken-00015-bec","maxInstanceRequestConcurrency":80,"availableCpu":"1"},"state":"ACTIVE","updateTime":"2025-12-04T13:13:53.547396923Z","labels":{"firebase-functions-hash":"b811c6fb6ed903a568940da873e50d86203b4034","deployment-tool":"cli-firebase"},"environment":"GEN_2","url":"https://us-central1-studio-9130063297-9636d.cloudfunctions.net/exchangePublicToken","createTime":"2025-12-02T08:54:41.072556765Z","satisfiesPzi":true},{"name":"projects/studio-9130063297-9636d/locations/us-central1/functions/stripeWebhook","buildConfig":{"build":"projects/1091783968160/locations/us-central1/builds/a726add8-e647-4210-9fc1-894856227042","runtime":"nodejs20","entryPoint":"stripeWebhook","source":{"storageSource":{"bucket":"gcf-v2-sources-1091783968160-us-central1","object":"stripeWebhook/function-source.zip","generation":"1764854023003000"}},"environmentVariables":{"GOOGLE_NODE_RUN_SCRIPTS":""},"dockerRepository":"projects/studio-9130063297-9636d/locations/us-central1/repositories/gcf-artifacts","sourceProvenance":{"resolvedStorageSource":{"bucket":"gcf-v2-sources-1091783968160-us-central1","object":"stripeWebhook/function-source.zip","generation":"1764854023003000"}},"dockerRegistry":"ARTIFACT_REGISTRY","serviceAccount":"projects/studio-9130063297-9636d/serviceAccounts/1091783968160-compute@developer.gserviceaccount.com","automaticUpdatePolicy":{}},"serviceConfig":{"service":"projects/studio-9130063297-9636d/locations/us-central1/services/stripewebhook","timeoutSeconds":60,"environmentVariables":{"FIREBASE_CONFIG":"{\"projectId\":\"studio-9130063297-9636d\",\"storageBucket\":\"studio-9130063297-9636d.firebasestorage.app\"}","GCLOUD_PROJECT":"studio-9130063297-9636d","EVENTARC_CLOUD_EVENT_SOURCE":"projects/studio-9130063297-9636d/locations/us-central1/services/stripeWebhook","FUNCTION_TARGET":"stripeWebhook","LOG_EXECUTION_ID":"true","FUNCTION_SIGNATURE_TYPE":"http"},"maxInstanceCount":20,"ingressSettings":"ALLOW_ALL","uri":"https://stripewebhook-qky5eul2mq-uc.a.run.app","serviceAccountEmail":"1091783968160-compute@developer.gserviceaccount.com","availableMemory":"256Mi","allTrafficOnLatestRevision":true,"secretEnvironmentVariables":[{"key":"STRIPE_SECRET_KEY","projectId":"studio-9130063297-9636d","secret":"STRIPE_SECRET_KEY","version":"2"},{"key":"STRIPE_WEBHOOK_SECRET","projectId":"studio-9130063297-9636d","secret":"STRIPE_WEBHOOK_SECRET","version":"2"}],"revision":"stripewebhook-00030-xaq","maxInstanceRequestConcurrency":80,"availableCpu":"1"},"state":"ACTIVE","updateTime":"2025-12-04T13:13:54.571448895Z","labels":{"deployment-tool":"cli-firebase","firebase-functions-hash":"7a9883c412e42c2c5eba1e9697831e042fe9225c"},"environment":"GEN_2","url":"https://us-central1-studio-9130063297-9636d.cloudfunctions.net/stripeWebhook","createTime":"2025-11-28T18:08:11.517398340Z","satisfiesPzi":true},{"name":"projects/studio-9130063297-9636d/locations/us-central1/functions/generateChatResponse","buildConfig":{"build":"projects/1091783968160/locations/us-central1/builds/a726add8-e647-4210-9fc1-894856227042","runtime":"nodejs20","entryPoint":"generateChatResponse","source":{"storageSource":{"bucket":"gcf-v2-sources-1091783968160-us-central1","object":"generateChatResponse/function-source.zip","generation":"1764854023044365"}},"environmentVariables":{"GOOGLE_NODE_RUN_SCRIPTS":""},"dockerRepository":"projects/studio-9130063297-9636d/locations/us-central1/repositories/gcf-artifacts","sourceProvenance":{"resolvedStorageSource":{"bucket":"gcf-v2-sources-1091783968160-us-central1","object":"generateChatResponse/function-source.zip","generation":"1764854023044365"}},"dockerRegistry":"ARTIFACT_REGISTRY","serviceAccount":"projects/studio-9130063297-9636d/serviceAccounts/1091783968160-compute@developer.gserviceaccount.com","automaticUpdatePolicy":{}},"serviceConfig":{"service":"projects/studio-9130063297-9636d/locations/us-central1/services/generatechatresponse","timeoutSeconds":60,"environmentVariables":{"FIREBASE_CONFIG":"{\"projectId\":\"studio-9130063297-9636d\",\"storageBucket\":\"studio-9130063297-9636d.firebasestorage.app\"}","GCLOUD_PROJECT":"studio-9130063297-9636d","EVENTARC_CLOUD_EVENT_SOURCE":"projects/studio-9130063297-9636d/locations/us-central1/services/generateChatResponse","FUNCTION_TARGET":"generateChatResponse","LOG_EXECUTION_ID":"true","FUNCTION_SIGNATURE_TYPE":"http"},"maxInstanceCount":10,"ingressSettings":"ALLOW_ALL","uri":"https://generatechatresponse-qky5eul2mq-uc.a.run.app","serviceAccountEmail":"1091783968160-compute@developer.gserviceaccount.com","availableMemory":"256Mi","allTrafficOnLatestRevision":true,"secretEnvironmentVariables":[{"key":"GOOGLE_GEN_AI_KEY","projectId":"studio-9130063297-9636d","secret":"GOOGLE_GEN_AI_KEY","version":"2"}],"revision":"generatechatresponse-00013-bel","maxInstanceRequestConcurrency":80,"availableCpu":"1"},"state":"ACTIVE","updateTime":"2025-12-04T13:13:53.108347059Z","labels":{"deployment-tool":"cli-firebase","firebase-functions-hash":"fa5c249199f6dd5c76d8faa3fdf2179947ed2dd5"},"environment":"GEN_2","url":"https://us-central1-studio-9130063297-9636d.cloudfunctions.net/generateChatResponse","createTime":"2025-12-02T16:34:45.615176292Z","satisfiesPzi":true},{"name":"projects/studio-9130063297-9636d/locations/us-central1/functions/checkEmailVerification","buildConfig":{"build":"projects/1091783968160/locations/us-central1/builds/a726add8-e647-4210-9fc1-894856227042","runtime":"nodejs20","entryPoint":"checkEmailVerification","source":{"storageSource":{"bucket":"gcf-v2-sources-1091783968160-us-central1","object":"checkEmailVerification/function-source.zip","generation":"1764853959593845"}},"environmentVariables":{"GOOGLE_NODE_RUN_SCRIPTS":""},"dockerRepository":"projects/studio-9130063297-9636d/locations/us-central1/repositories/gcf-artifacts","sourceProvenance":{"resolvedStorageSource":{"bucket":"gcf-v2-sources-1091783968160-us-central1","object":"checkEmailVerification/function-source.zip","generation":"1764853959593845"}},"dockerRegistry":"ARTIFACT_REGISTRY","serviceAccount":"projects/studio-9130063297-9636d/serviceAccounts/1091783968160-compute@developer.gserviceaccount.com","automaticUpdatePolicy":{}},"serviceConfig":{"service":"projects/studio-9130063297-9636d/locations/us-central1/services/checkemailverification","timeoutSeconds":60,"environmentVariables":{"FIREBASE_CONFIG":"{\"projectId\":\"studio-9130063297-9636d\",\"storageBucket\":\"studio-9130063297-9636d.firebasestorage.app\"}","GCLOUD_PROJECT":"studio-9130063297-9636d","EVENTARC_CLOUD_EVENT_SOURCE":"projects/studio-9130063297-9636d/locations/us-central1/services/checkEmailVerification","FUNCTION_TARGET":"checkEmailVerification","LOG_EXECUTION_ID":"true"},"maxInstanceCount":20,"ingressSettings":"ALLOW_ALL","uri":"https://checkemailverification-qky5eul2mq-uc.a.run.app","serviceAccountEmail":"1091783968160-compute@developer.gserviceaccount.com","availableMemory":"256Mi","allTrafficOnLatestRevision":true,"revision":"checkemailverification-00003-jop","maxInstanceRequestConcurrency":80,"availableCpu":"1"},"state":"ACTIVE","updateTime":"2025-12-04T13:13:47.731193577Z","labels":{"deployment-tool":"cli-firebase","deployment-blocking":"before-sign-in","firebase-functions-hash":"7f795de71533f5a94c39120271e839f45f072adb"},"environment":"GEN_2","url":"https://us-central1-studio-9130063297-9636d.cloudfunctions.net/checkEmailVerification","createTime":"2025-12-04T12:10:43.941703842Z","satisfiesPzi":true},{"name":"projects/studio-9130063297-9636d/locations/us-central1/functions/analyzeGapAndPropose","buildConfig":{"build":"projects/1091783968160/locations/us-central1/builds/a726add8-e647-4210-9fc1-894856227042","runtime":"nodejs20","entryPoint":"analyzeGapAndPropose","source":{"storageSource":{"bucket":"gcf-v2-sources-1091783968160-us-central1","object":"analyzeGapAndPropose/function-source.zip","generation":"1764854023030377"}},"environmentVariables":{"GOOGLE_NODE_RUN_SCRIPTS":""},"dockerRepository":"projects/studio-9130063297-9636d/locations/us-central1/repositories/gcf-artifacts","sourceProvenance":{"resolvedStorageSource":{"bucket":"gcf-v2-sources-1091783968160-us-central1","object":"analyzeGapAndPropose/function-source.zip","generation":"1764854023030377"}},"dockerRegistry":"ARTIFACT_REGISTRY","serviceAccount":"projects/studio-9130063297-9636d/serviceAccounts/1091783968160-compute@developer.gserviceaccount.com","automaticUpdatePolicy":{}},"serviceConfig":{"service":"projects/studio-9130063297-9636d/locations/us-central1/services/analyzegapandpropose","timeoutSeconds":60,"environmentVariables":{"FIREBASE_CONFIG":"{\"projectId\":\"studio-9130063297-9636d\",\"storageBucket\":\"studio-9130063297-9636d.firebasestorage.app\"}","GCLOUD_PROJECT":"studio-9130063297-9636d","EVENTARC_CLOUD_EVENT_SOURCE":"projects/studio-9130063297-9636d/locations/us-central1/services/analyzeGapAndPropose","FUNCTION_TARGET":"analyzeGapAndPropose","LOG_EXECUTION_ID":"true","FUNCTION_SIGNATURE_TYPE":"http"},"maxInstanceCount":10,"ingressSettings":"ALLOW_ALL","uri":"https://analyzegapandpropose-qky5eul2mq-uc.a.run.app","serviceAccountEmail":"1091783968160-compute@developer.gserviceaccount.com","availableMemory":"256Mi","allTrafficOnLatestRevision":true,"secretEnvironmentVariables":[{"key":"GOOGLE_GEN_AI_KEY","projectId":"studio-9130063297-9636d","secret":"GOOGLE_GEN_AI_KEY","version":"2"}],"revision":"analyzegapandpropose-00013-vem","maxInstanceRequestConcurrency":80,"availableCpu":"1"},"state":"ACTIVE","updateTime":"2025-12-04T13:13:53.919212518Z","labels":{"deployment-tool":"cli-firebase","firebase-functions-hash":"fa5c249199f6dd5c76d8faa3fdf2179947ed2dd5"},"environment":"GEN_2","url":"https://us-central1-studio-9130063297-9636d.cloudfunctions.net/analyzeGapAndPropose","createTime":"2025-12-02T16:35:48.717944642Z","satisfiesPzi":true},{"name":"projects/studio-9130063297-9636d/locations/us-central1/functions/scanGmail","buildConfig":{"build":"projects/1091783968160/locations/us-central1/builds/a726add8-e647-4210-9fc1-894856227042","runtime":"nodejs20","entryPoint":"scanGmail","source":{"storageSource":{"bucket":"gcf-v2-sources-1091783968160-us-central1","object":"scanGmail/function-source.zip","generation":"1764854022993753"}},"environmentVariables":{"GOOGLE_NODE_RUN_SCRIPTS":""},"dockerRepository":"projects/studio-9130063297-9636d/locations/us-central1/repositories/gcf-artifacts","sourceProvenance":{"resolvedStorageSource":{"bucket":"gcf-v2-sources-1091783968160-us-central1","object":"scanGmail/function-source.zip","generation":"1764854022993753"}},"dockerRegistry":"ARTIFACT_REGISTRY","serviceAccount":"projects/studio-9130063297-9636d/serviceAccounts/1091783968160-compute@developer.gserviceaccount.com","automaticUpdatePolicy":{}},"serviceConfig":{"service":"projects/studio-9130063297-9636d/locations/us-central1/services/scangmail","timeoutSeconds":60,"environmentVariables":{"FIREBASE_CONFIG":"{\"projectId\":\"studio-9130063297-9636d\",\"storageBucket\":\"studio-9130063297-9636d.firebasestorage.app\"}","GCLOUD_PROJECT":"studio-9130063297-9636d","EVENTARC_CLOUD_EVENT_SOURCE":"projects/studio-9130063297-9636d/locations/us-central1/services/scanGmail","FUNCTION_TARGET":"scanGmail","LOG_EXECUTION_ID":"true","FUNCTION_SIGNATURE_TYPE":"http"},"maxInstanceCount":10,"ingressSettings":"ALLOW_ALL","uri":"https://scangmail-qky5eul2mq-uc.a.run.app","serviceAccountEmail":"1091783968160-compute@developer.gserviceaccount.com","availableMemory":"256Mi","allTrafficOnLatestRevision":true,"secretEnvironmentVariables":[{"key":"GMAIL_CLIENT_ID","projectId":"studio-9130063297-9636d","secret":"GMAIL_CLIENT_ID","version":"1"},{"key":"GMAIL_CLIENT_SECRET","projectId":"studio-9130063297-9636d","secret":"GMAIL_CLIENT_SECRET","version":"2"}],"revision":"scangmail-00026-nud","maxInstanceRequestConcurrency":80,"availableCpu":"1"},"state":"ACTIVE","updateTime":"2025-12-04T13:13:54.548532019Z","labels":{"deployment-tool":"cli-firebase","firebase-functions-hash":"ede5db81b2ab5c829c71e6dde9c507e83a67c1d9"},"environment":"GEN_2","url":"https://us-central1-studio-9130063297-9636d.cloudfunctions.net/scanGmail","createTime":"2025-12-01T15:14:01.071971501Z","satisfiesPzi":true},{"name":"projects/studio-9130063297-9636d/locations/us-central1/functions/verifyRegistration","buildConfig":{"build":"projects/1091783968160/locations/us-central1/builds/c14fe240-a93e-4d08-876d-357b3d04db5f","runtime":"nodejs20","entryPoint":"verifyRegistration","source":{"storageSource":{"bucket":"gcf-v2-sources-1091783968160-us-central1","object":"verifyRegistration/function-source.zip","generation":"1764862081032972"}},"environmentVariables":{"GOOGLE_NODE_RUN_SCRIPTS":""},"dockerRepository":"projects/studio-9130063297-9636d/locations/us-central1/repositories/gcf-artifacts","sourceProvenance":{"resolvedStorageSource":{"bucket":"gcf-v2-sources-1091783968160-us-central1","object":"verifyRegistration/function-source.zip","generation":"1764862081032972"}},"dockerRegistry":"ARTIFACT_REGISTRY","serviceAccount":"projects/studio-9130063297-9636d/serviceAccounts/1091783968160-compute@developer.gserviceaccount.com","automaticUpdatePolicy":{}},"serviceConfig":{"service":"projects/studio-9130063297-9636d/locations/us-central1/services/verifyregistration","timeoutSeconds":60,"environmentVariables":{"FIREBASE_CONFIG":"{\"projectId\":\"studio-9130063297-9636d\",\"storageBucket\":\"studio-9130063297-9636d.firebasestorage.app\"}","GCLOUD_PROJECT":"studio-9130063297-9636d","EVENTARC_CLOUD_EVENT_SOURCE":"projects/studio-9130063297-9636d/locations/us-central1/services/verifyRegistration","FUNCTION_TARGET":"verifyRegistration","LOG_EXECUTION_ID":"true","FUNCTION_SIGNATURE_TYPE":"http"},"maxInstanceCount":20,"ingressSettings":"ALLOW_ALL","uri":"https://verifyregistration-qky5eul2mq-uc.a.run.app","serviceAccountEmail":"1091783968160-compute@developer.gserviceaccount.com","availableMemory":"256Mi","allTrafficOnLatestRevision":true,"revision":"verifyregistration-00005-qim","maxInstanceRequestConcurrency":80,"availableCpu":"1"},"state":"ACTIVE","updateTime":"2025-12-04T15:28:30.720064873Z","labels":{"deployment-tool":"cli-firebase","deployment-callable":"true","firebase-functions-hash":"29f50e7e3a2d89698d3953256f7eb461ab4f1985"},"environment":"GEN_2","url":"https://us-central1-studio-9130063297-9636d.cloudfunctions.net/verifyRegistration","createTime":"2025-12-04T11:50:35.093583165Z","satisfiesPzi":true},{"name":"projects/studio-9130063297-9636d/locations/us-central1/functions/createLinkToken","buildConfig":{"build":"projects/1091783968160/locations/us-central1/builds/a726add8-e647-4210-9fc1-894856227042","runtime":"nodejs20","entryPoint":"createLinkToken","source":{"storageSource":{"bucket":"gcf-v2-sources-1091783968160-us-central1","object":"createLinkToken/function-source.zip","generation":"1764854022988480"}},"environmentVariables":{"GOOGLE_NODE_RUN_SCRIPTS":""},"dockerRepository":"projects/studio-9130063297-9636d/locations/us-central1/repositories/gcf-artifacts","sourceProvenance":{"resolvedStorageSource":{"bucket":"gcf-v2-sources-1091783968160-us-central1","object":"createLinkToken/function-source.zip","generation":"1764854022988480"}},"dockerRegistry":"ARTIFACT_REGISTRY","serviceAccount":"projects/studio-9130063297-9636d/serviceAccounts/1091783968160-compute@developer.gserviceaccount.com","automaticUpdatePolicy":{}},"serviceConfig":{"service":"projects/studio-9130063297-9636d/locations/us-central1/services/createlinktoken","timeoutSeconds":60,"environmentVariables":{"FIREBASE_CONFIG":"{\"projectId\":\"studio-9130063297-9636d\",\"storageBucket\":\"studio-9130063297-9636d.firebasestorage.app\"}","GCLOUD_PROJECT":"studio-9130063297-9636d","EVENTARC_CLOUD_EVENT_SOURCE":"projects/studio-9130063297-9636d/locations/us-central1/services/createLinkToken","FUNCTION_TARGET":"createLinkToken","LOG_EXECUTION_ID":"true","FUNCTION_SIGNATURE_TYPE":"http"},"maxInstanceCount":10,"ingressSettings":"ALLOW_ALL","uri":"https://createlinktoken-qky5eul2mq-uc.a.run.app","serviceAccountEmail":"1091783968160-compute@developer.gserviceaccount.com","availableMemory":"256Mi","allTrafficOnLatestRevision":true,"secretEnvironmentVariables":[{"key":"PLAID_CLIENT_ID","projectId":"studio-9130063297-9636d","secret":"PLAID_CLIENT_ID","version":"2"},{"key":"PLAID_SECRET","projectId":"studio-9130063297-9636d","secret":"PLAID_SECRET","version":"3"}],"revision":"createlinktoken-00015-giy","maxInstanceRequestConcurrency":80,"availableCpu":"1"},"state":"ACTIVE","updateTime":"2025-12-04T13:13:53.578567857Z","labels":{"firebase-functions-hash":"b811c6fb6ed903a568940da873e50d86203b4034","deployment-tool":"cli-firebase"},"environment":"GEN_2","url":"https://us-central1-studio-9130063297-9636d.cloudfunctions.net/createLinkToken","createTime":"2025-12-02T08:53:37.560038604Z","satisfiesPzi":true},{"name":"projects/studio-9130063297-9636d/locations/us-central1/functions/getGmailAuthUrl","buildConfig":{"build":"projects/1091783968160/locations/us-central1/builds/a726add8-e647-4210-9fc1-894856227042","runtime":"nodejs20","entryPoint":"getGmailAuthUrl","source":{"storageSource":{"bucket":"gcf-v2-sources-1091783968160-us-central1","object":"getGmailAuthUrl/function-source.zip","generation":"1764854022990315"}},"environmentVariables":{"GOOGLE_NODE_RUN_SCRIPTS":""},"dockerRepository":"projects/studio-9130063297-9636d/locations/us-central1/repositories/gcf-artifacts","sourceProvenance":{"resolvedStorageSource":{"bucket":"gcf-v2-sources-1091783968160-us-central1","object":"getGmailAuthUrl/function-source.zip","generation":"1764854022990315"}},"dockerRegistry":"ARTIFACT_REGISTRY","serviceAccount":"projects/studio-9130063297-9636d/serviceAccounts/1091783968160-compute@developer.gserviceaccount.com","automaticUpdatePolicy":{}},"serviceConfig":{"service":"projects/studio-9130063297-9636d/locations/us-central1/services/getgmailauthurl","timeoutSeconds":60,"environmentVariables":{"FIREBASE_CONFIG":"{\"projectId\":\"studio-9130063297-9636d\",\"storageBucket\":\"studio-9130063297-9636d.firebasestorage.app\"}","GCLOUD_PROJECT":"studio-9130063297-9636d","EVENTARC_CLOUD_EVENT_SOURCE":"projects/studio-9130063297-9636d/locations/us-central1/services/getGmailAuthUrl","FUNCTION_TARGET":"getGmailAuthUrl","LOG_EXECUTION_ID":"true","FUNCTION_SIGNATURE_TYPE":"http"},"maxInstanceCount":10,"ingressSettings":"ALLOW_ALL","uri":"https://getgmailauthurl-qky5eul2mq-uc.a.run.app","serviceAccountEmail":"1091783968160-compute@developer.gserviceaccount.com","availableMemory":"256Mi","allTrafficOnLatestRevision":true,"secretEnvironmentVariables":[{"key":"GMAIL_CLIENT_ID","projectId":"studio-9130063297-9636d","secret":"GMAIL_CLIENT_ID","version":"1"},{"key":"GMAIL_CLIENT_SECRET","projectId":"studio-9130063297-9636d","secret":"GMAIL_CLIENT_SECRET","version":"2"}],"revision":"getgmailauthurl-00026-com","maxInstanceRequestConcurrency":80,"availableCpu":"1"},"state":"ACTIVE","updateTime":"2025-12-04T13:13:53.760915954Z","labels":{"firebase-functions-hash":"ede5db81b2ab5c829c71e6dde9c507e83a67c1d9","deployment-tool":"cli-firebase"},"environment":"GEN_2","url":"https://us-central1-studio-9130063297-9636d.cloudfunctions.net/getGmailAuthUrl","createTime":"2025-12-01T15:14:01.016574838Z","satisfiesPzi":true},{"name":"projects/studio-9130063297-9636d/locations/us-central1/functions/getBankData","buildConfig":{"build":"projects/1091783968160/locations/us-central1/builds/a726add8-e647-4210-9fc1-894856227042","runtime":"nodejs20","entryPoint":"getBankData","source":{"storageSource":{"bucket":"gcf-v2-sources-1091783968160-us-central1","object":"getBankData/function-source.zip","generation":"1764854023003683"}},"environmentVariables":{"GOOGLE_NODE_RUN_SCRIPTS":""},"dockerRepository":"projects/studio-9130063297-9636d/locations/us-central1/repositories/gcf-artifacts","sourceProvenance":{"resolvedStorageSource":{"bucket":"gcf-v2-sources-1091783968160-us-central1","object":"getBankData/function-source.zip","generation":"1764854023003683"}},"dockerRegistry":"ARTIFACT_REGISTRY","serviceAccount":"projects/studio-9130063297-9636d/serviceAccounts/1091783968160-compute@developer.gserviceaccount.com","automaticUpdatePolicy":{}},"serviceConfig":{"service":"projects/studio-9130063297-9636d/locations/us-central1/services/getbankdata","timeoutSeconds":60,"environmentVariables":{"FIREBASE_CONFIG":"{\"projectId\":\"studio-9130063297-9636d\",\"storageBucket\":\"studio-9130063297-9636d.firebasestorage.app\"}","GCLOUD_PROJECT":"studio-9130063297-9636d","EVENTARC_CLOUD_EVENT_SOURCE":"projects/studio-9130063297-9636d/locations/us-central1/services/getBankData","FUNCTION_TARGET":"getBankData","LOG_EXECUTION_ID":"true","FUNCTION_SIGNATURE_TYPE":"http"},"maxInstanceCount":10,"ingressSettings":"ALLOW_ALL","uri":"https://getbankdata-qky5eul2mq-uc.a.run.app","serviceAccountEmail":"1091783968160-compute@developer.gserviceaccount.com","availableMemory":"256Mi","allTrafficOnLatestRevision":true,"secretEnvironmentVariables":[{"key":"PLAID_CLIENT_ID","projectId":"studio-9130063297-9636d","secret":"PLAID_CLIENT_ID","version":"2"},{"key":"PLAID_SECRET","projectId":"studio-9130063297-9636d","secret":"PLAID_SECRET","version":"3"}],"revision":"getbankdata-00015-tuy","maxInstanceRequestConcurrency":80,"availableCpu":"1"},"state":"ACTIVE","updateTime":"2025-12-04T13:13:53.553606296Z","labels":{"deployment-tool":"cli-firebase","firebase-functions-hash":"b811c6fb6ed903a568940da873e50d86203b4034"},"environment":"GEN_2","url":"https://us-central1-studio-9130063297-9636d.cloudfunctions.net/getBankData","createTime":"2025-12-02T08:54:41.120909293Z","satisfiesPzi":true},{"name":"projects/studio-9130063297-9636d/locations/us-central1/functions/generateAuthenticationOptions","buildConfig":{"build":"projects/1091783968160/locations/us-central1/builds/c14fe240-a93e-4d08-876d-357b3d04db5f","runtime":"nodejs20","entryPoint":"generateAuthenticationOptions","source":{"storageSource":{"bucket":"gcf-v2-sources-1091783968160-us-central1","object":"generateAuthenticationOptions/function-source.zip","generation":"1764862080601207"}},"environmentVariables":{"GOOGLE_NODE_RUN_SCRIPTS":""},"dockerRepository":"projects/studio-9130063297-9636d/locations/us-central1/repositories/gcf-artifacts","sourceProvenance":{"resolvedStorageSource":{"bucket":"gcf-v2-sources-1091783968160-us-central1","object":"generateAuthenticationOptions/function-source.zip","generation":"1764862080601207"}},"dockerRegistry":"ARTIFACT_REGISTRY","serviceAccount":"projects/studio-9130063297-9636d/serviceAccounts/1091783968160-compute@developer.gserviceaccount.com","automaticUpdatePolicy":{}},"serviceConfig":{"service":"projects/studio-9130063297-9636d/locations/us-central1/services/generateauthenticationoptions","timeoutSeconds":60,"environmentVariables":{"FIREBASE_CONFIG":"{\"projectId\":\"studio-9130063297-9636d\",\"storageBucket\":\"studio-9130063297-9636d.firebasestorage.app\"}","GCLOUD_PROJECT":"studio-9130063297-9636d","EVENTARC_CLOUD_EVENT_SOURCE":"projects/studio-9130063297-9636d/locations/us-central1/services/generateAuthenticationOptions","FUNCTION_TARGET":"generateAuthenticationOptions","LOG_EXECUTION_ID":"true","FUNCTION_SIGNATURE_TYPE":"http"},"maxInstanceCount":20,"ingressSettings":"ALLOW_ALL","uri":"https://generateauthenticationoptions-qky5eul2mq-uc.a.run.app","serviceAccountEmail":"1091783968160-compute@developer.gserviceaccount.com","availableMemory":"256Mi","allTrafficOnLatestRevision":true,"revision":"generateauthenticationoptions-00005-tap","maxInstanceRequestConcurrency":80,"availableCpu":"1"},"state":"ACTIVE","updateTime":"2025-12-04T15:28:32.553937380Z","labels":{"deployment-tool":"cli-firebase","deployment-callable":"true","firebase-functions-hash":"29f50e7e3a2d89698d3953256f7eb461ab4f1985"},"environment":"GEN_2","url":"https://us-central1-studio-9130063297-9636d.cloudfunctions.net/generateAuthenticationOptions","createTime":"2025-12-04T11:50:34.615245487Z","satisfiesPzi":true},{"name":"projects/studio-9130063297-9636d/locations/us-central1/functions/generateRegistrationOptions","buildConfig":{"build":"projects/1091783968160/locations/us-central1/builds/c14fe240-a93e-4d08-876d-357b3d04db5f","runtime":"nodejs20","entryPoint":"generateRegistrationOptions","source":{"storageSource":{"bucket":"gcf-v2-sources-1091783968160-us-central1","object":"generateRegistrationOptions/function-source.zip","generation":"1764862018079362"}},"environmentVariables":{"GOOGLE_NODE_RUN_SCRIPTS":""},"dockerRepository":"projects/studio-9130063297-9636d/locations/us-central1/repositories/gcf-artifacts","sourceProvenance":{"resolvedStorageSource":{"bucket":"gcf-v2-sources-1091783968160-us-central1","object":"generateRegistrationOptions/function-source.zip","generation":"1764862018079362"}},"dockerRegistry":"ARTIFACT_REGISTRY","serviceAccount":"projects/studio-9130063297-9636d/serviceAccounts/1091783968160-compute@developer.gserviceaccount.com","automaticUpdatePolicy":{}},"serviceConfig":{"service":"projects/studio-9130063297-9636d/locations/us-central1/services/generateregistrationoptions","timeoutSeconds":60,"environmentVariables":{"FIREBASE_CONFIG":"{\"projectId\":\"studio-9130063297-9636d\",\"storageBucket\":\"studio-9130063297-9636d.firebasestorage.app\"}","GCLOUD_PROJECT":"studio-9130063297-9636d","EVENTARC_CLOUD_EVENT_SOURCE":"projects/studio-9130063297-9636d/locations/us-central1/services/generateRegistrationOptions","FUNCTION_TARGET":"generateRegistrationOptions","LOG_EXECUTION_ID":"true","FUNCTION_SIGNATURE_TYPE":"http"},"maxInstanceCount":20,"ingressSettings":"ALLOW_ALL","uri":"https://generateregistrationoptions-qky5eul2mq-uc.a.run.app","serviceAccountEmail":"1091783968160-compute@developer.gserviceaccount.com","availableMemory":"256Mi","allTrafficOnLatestRevision":true,"revision":"generateregistrationoptions-00005-mij","maxInstanceRequestConcurrency":80,"availableCpu":"1"},"state":"ACTIVE","updateTime":"2025-12-04T15:28:32.039435870Z","labels":{"deployment-tool":"cli-firebase","deployment-callable":"true","firebase-functions-hash":"29f50e7e3a2d89698d3953256f7eb461ab4f1985"},"environment":"GEN_2","url":"https://us-central1-studio-9130063297-9636d.cloudfunctions.net/generateRegistrationOptions","createTime":"2025-12-04T11:49:33.100601207Z","satisfiesPzi":true},{"name":"projects/studio-9130063297-9636d/locations/us-central1/functions/disconnectBank","buildConfig":{"build":"projects/1091783968160/locations/us-central1/builds/a726add8-e647-4210-9fc1-894856227042","runtime":"nodejs20","entryPoint":"disconnectBank","source":{"storageSource":{"bucket":"gcf-v2-sources-1091783968160-us-central1","object":"disconnectBank/function-source.zip","generation":"1764854023005109"}},"environmentVariables":{"GOOGLE_NODE_RUN_SCRIPTS":""},"dockerRepository":"projects/studio-9130063297-9636d/locations/us-central1/repositories/gcf-artifacts","sourceProvenance":{"resolvedStorageSource":{"bucket":"gcf-v2-sources-1091783968160-us-central1","object":"disconnectBank/function-source.zip","generation":"1764854023005109"}},"dockerRegistry":"ARTIFACT_REGISTRY","serviceAccount":"projects/studio-9130063297-9636d/serviceAccounts/1091783968160-compute@developer.gserviceaccount.com","automaticUpdatePolicy":{}},"serviceConfig":{"service":"projects/studio-9130063297-9636d/locations/us-central1/services/disconnectbank","timeoutSeconds":60,"environmentVariables":{"FIREBASE_CONFIG":"{\"projectId\":\"studio-9130063297-9636d\",\"storageBucket\":\"studio-9130063297-9636d.firebasestorage.app\"}","GCLOUD_PROJECT":"studio-9130063297-9636d","EVENTARC_CLOUD_EVENT_SOURCE":"projects/studio-9130063297-9636d/locations/us-central1/services/disconnectBank","FUNCTION_TARGET":"disconnectBank","LOG_EXECUTION_ID":"true","FUNCTION_SIGNATURE_TYPE":"http"},"maxInstanceCount":10,"ingressSettings":"ALLOW_ALL","uri":"https://disconnectbank-qky5eul2mq-uc.a.run.app","serviceAccountEmail":"1091783968160-compute@developer.gserviceaccount.com","availableMemory":"256Mi","allTrafficOnLatestRevision":true,"secretEnvironmentVariables":[{"key":"PLAID_CLIENT_ID","projectId":"studio-9130063297-9636d","secret":"PLAID_CLIENT_ID","version":"2"},{"key":"PLAID_SECRET","projectId":"studio-9130063297-9636d","secret":"PLAID_SECRET","version":"3"}],"revision":"disconnectbank-00014-coy","maxInstanceRequestConcurrency":80,"availableCpu":"1"},"state":"ACTIVE","updateTime":"2025-12-04T13:13:55.549765177Z","labels":{"deployment-tool":"cli-firebase","firebase-functions-hash":"b811c6fb6ed903a568940da873e50d86203b4034"},"environment":"GEN_2","url":"https://us-central1-studio-9130063297-9636d.cloudfunctions.net/disconnectBank","createTime":"2025-12-02T11:10:19.868993061Z","satisfiesPzi":true},{"name":"projects/studio-9130063297-9636d/locations/us-central1/functions/verifyAuthentication","buildConfig":{"build":"projects/1091783968160/locations/us-central1/builds/c14fe240-a93e-4d08-876d-357b3d04db5f","runtime":"nodejs20","entryPoint":"verifyAuthentication","source":{"storageSource":{"bucket":"gcf-v2-sources-1091783968160-us-central1","object":"verifyAuthentication/function-source.zip","generation":"1764862081122654"}},"environmentVariables":{"GOOGLE_NODE_RUN_SCRIPTS":""},"dockerRepository":"projects/studio-9130063297-9636d/locations/us-central1/repositories/gcf-artifacts","sourceProvenance":{"resolvedStorageSource":{"bucket":"gcf-v2-sources-1091783968160-us-central1","object":"verifyAuthentication/function-source.zip","generation":"1764862081122654"}},"dockerRegistry":"ARTIFACT_REGISTRY","serviceAccount":"projects/studio-9130063297-9636d/serviceAccounts/1091783968160-compute@developer.gserviceaccount.com","automaticUpdatePolicy":{}},"serviceConfig":{"service":"projects/studio-9130063297-9636d/locations/us-central1/services/verifyauthentication","timeoutSeconds":60,"environmentVariables":{"FIREBASE_CONFIG":"{\"projectId\":\"studio-9130063297-9636d\",\"storageBucket\":\"studio-9130063297-9636d.firebasestorage.app\"}","GCLOUD_PROJECT":"studio-9130063297-9636d","EVENTARC_CLOUD_EVENT_SOURCE":"projects/studio-9130063297-9636d/locations/us-central1/services/verifyAuthentication","FUNCTION_TARGET":"verifyAuthentication","LOG_EXECUTION_ID":"true","FUNCTION_SIGNATURE_TYPE":"http"},"maxInstanceCount":20,"ingressSettings":"ALLOW_ALL","uri":"https://verifyauthentication-qky5eul2mq-uc.a.run.app","serviceAccountEmail":"1091783968160-compute@developer.gserviceaccount.com","availableMemory":"256Mi","allTrafficOnLatestRevision":true,"revision":"verifyauthentication-00005-tir","maxInstanceRequestConcurrency":80,"availableCpu":"1"},"state":"ACTIVE","updateTime":"2025-12-04T15:28:31.769304270Z","labels":{"firebase-functions-hash":"29f50e7e3a2d89698d3953256f7eb461ab4f1985","deployment-tool":"cli-firebase","deployment-callable":"true"},"environment":"GEN_2","url":"https://us-central1-studio-9130063297-9636d.cloudfunctions.net/verifyAuthentication","createTime":"2025-12-04T11:50:35.117342903Z","satisfiesPzi":true},{"name":"projects/studio-9130063297-9636d/locations/us-central1/functions/inferObligations","buildConfig":{"build":"projects/1091783968160/locations/us-central1/builds/a726add8-e647-4210-9fc1-894856227042","runtime":"nodejs20","entryPoint":"inferObligations","source":{"storageSource":{"bucket":"gcf-v2-sources-1091783968160-us-central1","object":"inferObligations/function-source.zip","generation":"1764854023052684"}},"environmentVariables":{"GOOGLE_NODE_RUN_SCRIPTS":""},"dockerRepository":"projects/studio-9130063297-9636d/locations/us-central1/repositories/gcf-artifacts","sourceProvenance":{"resolvedStorageSource":{"bucket":"gcf-v2-sources-1091783968160-us-central1","object":"inferObligations/function-source.zip","generation":"1764854023052684"}},"dockerRegistry":"ARTIFACT_REGISTRY","serviceAccount":"projects/studio-9130063297-9636d/serviceAccounts/1091783968160-compute@developer.gserviceaccount.com","automaticUpdatePolicy":{}},"serviceConfig":{"service":"projects/studio-9130063297-9636d/locations/us-central1/services/inferobligations","timeoutSeconds":60,"environmentVariables":{"FIREBASE_CONFIG":"{\"projectId\":\"studio-9130063297-9636d\",\"storageBucket\":\"studio-9130063297-9636d.firebasestorage.app\"}","GCLOUD_PROJECT":"studio-9130063297-9636d","EVENTARC_CLOUD_EVENT_SOURCE":"projects/studio-9130063297-9636d/locations/us-central1/services/inferObligations","FUNCTION_TARGET":"inferObligations","LOG_EXECUTION_ID":"true","FUNCTION_SIGNATURE_TYPE":"http"},"maxInstanceCount":10,"ingressSettings":"ALLOW_ALL","uri":"https://inferobligations-qky5eul2mq-uc.a.run.app","serviceAccountEmail":"1091783968160-compute@developer.gserviceaccount.com","availableMemory":"256Mi","allTrafficOnLatestRevision":true,"secretEnvironmentVariables":[{"key":"GOOGLE_GEN_AI_KEY","projectId":"studio-9130063297-9636d","secret":"GOOGLE_GEN_AI_KEY","version":"2"}],"revision":"inferobligations-00014-cat","maxInstanceRequestConcurrency":80,"availableCpu":"1"},"state":"ACTIVE","updateTime":"2025-12-04T13:13:53.005921314Z","labels":{"deployment-tool":"cli-firebase","firebase-functions-hash":"fa5c249199f6dd5c76d8faa3fdf2179947ed2dd5"},"environment":"GEN_2","url":"https://us-central1-studio-9130063297-9636d.cloudfunctions.net/inferObligations","createTime":"2025-12-02T16:35:48.684919323Z","satisfiesPzi":true}]}
[info] i  functions: ensuring required API identitytoolkit.googleapis.com is enabled... 
[info] i  functions: ensuring required API run.googleapis.com is enabled... 
[info] i  functions: ensuring required API eventarc.googleapis.com is enabled... 
[info] i  functions: ensuring required API pubsub.googleapis.com is enabled... 
[info] i  functions: ensuring required API storage.googleapis.com is enabled... 
[info] i  functions: generating the service identity for pubsub.googleapis.com... 
[debug] [2025-12-04T15:37:22.666Z] Checked if tokens are valid: true, expires at: 1764864933160
[debug] [2025-12-04T15:37:22.666Z] Checked if tokens are valid: true, expires at: 1764864933160
[info] i  functions: generating the service identity for eventarc.googleapis.com... 
[debug] [2025-12-04T15:37:22.666Z] Checked if tokens are valid: true, expires at: 1764864933160
[debug] [2025-12-04T15:37:22.666Z] Checked if tokens are valid: true, expires at: 1764864933160
[debug] [2025-12-04T15:37:22.667Z] >>> [apiv2][query] POST https://serviceusage.googleapis.com/v1beta1/projects/1091783968160/services/pubsub.googleapis.com:generateServiceIdentity [none]
[debug] [2025-12-04T15:37:22.667Z] >>> [apiv2][(partial)header] POST https://serviceusage.googleapis.com/v1beta1/projects/1091783968160/services/pubsub.googleapis.com:generateServiceIdentity x-goog-quota-user=projects/1091783968160
[debug] [2025-12-04T15:37:22.667Z] >>> [apiv2][body] POST https://serviceusage.googleapis.com/v1beta1/projects/1091783968160/services/pubsub.googleapis.com:generateServiceIdentity {}
[debug] [2025-12-04T15:37:22.668Z] >>> [apiv2][query] POST https://serviceusage.googleapis.com/v1beta1/projects/1091783968160/services/eventarc.googleapis.com:generateServiceIdentity [none]
[debug] [2025-12-04T15:37:22.668Z] >>> [apiv2][(partial)header] POST https://serviceusage.googleapis.com/v1beta1/projects/1091783968160/services/eventarc.googleapis.com:generateServiceIdentity x-goog-quota-user=projects/1091783968160
[debug] [2025-12-04T15:37:22.668Z] >>> [apiv2][body] POST https://serviceusage.googleapis.com/v1beta1/projects/1091783968160/services/eventarc.googleapis.com:generateServiceIdentity {}
[debug] [2025-12-04T15:37:23.452Z] <<< [apiv2][status] POST https://serviceusage.googleapis.com/v1beta1/projects/1091783968160/services/eventarc.googleapis.com:generateServiceIdentity 200
[debug] [2025-12-04T15:37:23.452Z] <<< [apiv2][body] POST https://serviceusage.googleapis.com/v1beta1/projects/1091783968160/services/eventarc.googleapis.com:generateServiceIdentity {"name":"operations/finished.DONE_OPERATION","done":true,"response":{"@type":"type.googleapis.com/google.api.serviceusage.v1beta1.ServiceIdentity","email":"service-1091783968160@gcp-sa-eventarc.iam.gserviceaccount.com","uniqueId":"105719295888470681700"}}
[debug] [2025-12-04T15:37:23.479Z] <<< [apiv2][status] POST https://serviceusage.googleapis.com/v1beta1/projects/1091783968160/services/pubsub.googleapis.com:generateServiceIdentity 200
[debug] [2025-12-04T15:37:23.480Z] <<< [apiv2][body] POST https://serviceusage.googleapis.com/v1beta1/projects/1091783968160/services/pubsub.googleapis.com:generateServiceIdentity {"name":"operations/finished.DONE_OPERATION","done":true,"response":{"@type":"type.googleapis.com/google.api.serviceusage.v1beta1.ServiceIdentity","email":"service-1091783968160@gcp-sa-pubsub.iam.gserviceaccount.com","uniqueId":"105783886191887020105"}}
[info] i  functions: ensuring required API secretmanager.googleapis.com is enabled... 
[debug] [2025-12-04T15:37:23.482Z] Checked if tokens are valid: true, expires at: 1764864933160
[debug] [2025-12-04T15:37:23.482Z] Checked if tokens are valid: true, expires at: 1764864933160
[debug] [2025-12-04T15:37:23.482Z] >>> [apiv2][query] GET https://secretmanager.googleapis.com/v1/projects/studio-9130063297-9636d/secrets/GOOGLE_GEN_AI_KEY/versions/latest [none]
[debug] [2025-12-04T15:37:23.647Z] <<< [apiv2][status] GET https://secretmanager.googleapis.com/v1/projects/studio-9130063297-9636d/secrets/GOOGLE_GEN_AI_KEY/versions/latest 200
[debug] [2025-12-04T15:37:23.648Z] <<< [apiv2][body] GET https://secretmanager.googleapis.com/v1/projects/studio-9130063297-9636d/secrets/GOOGLE_GEN_AI_KEY/versions/latest {"name":"projects/1091783968160/secrets/GOOGLE_GEN_AI_KEY/versions/2","createTime":"2025-12-02T19:27:01.561603Z","state":"ENABLED","replicationStatus":{"automatic":{}},"etag":"\"1644fd147f3d03\""}
[debug] [2025-12-04T15:37:23.648Z] Resolved secret version of GOOGLE_GEN_AI_KEY to 2.
[debug] [2025-12-04T15:37:23.649Z] Checked if tokens are valid: true, expires at: 1764864933160
[debug] [2025-12-04T15:37:23.649Z] Checked if tokens are valid: true, expires at: 1764864933160
[debug] [2025-12-04T15:37:23.649Z] >>> [apiv2][query] GET https://cloudresourcemanager.googleapis.com/v1/projects/studio-9130063297-9636d [none]
[debug] [2025-12-04T15:37:23.828Z] <<< [apiv2][status] GET https://cloudresourcemanager.googleapis.com/v1/projects/studio-9130063297-9636d 200
[debug] [2025-12-04T15:37:23.828Z] <<< [apiv2][body] GET https://cloudresourcemanager.googleapis.com/v1/projects/studio-9130063297-9636d {"projectNumber":"1091783968160","projectId":"studio-9130063297-9636d","lifecycleState":"ACTIVE","name":"Firebase app","labels":{"firebase":"enabled","firebase-core":"disabled"},"createTime":"2025-11-20T21:40:30.002447Z","parent":{"type":"folder","id":"298258681344"}}
[debug] [2025-12-04T15:37:23.828Z] Checked if tokens are valid: true, expires at: 1764864933160
[debug] [2025-12-04T15:37:23.828Z] Checked if tokens are valid: true, expires at: 1764864933160
[debug] [2025-12-04T15:37:23.828Z] >>> [apiv2][query] GET https://compute.googleapis.com/compute/v1/projects/1091783968160 [none]
[debug] [2025-12-04T15:37:24.168Z] <<< [apiv2][status] GET https://compute.googleapis.com/compute/v1/projects/1091783968160 200
[debug] [2025-12-04T15:37:24.168Z] <<< [apiv2][body] GET https://compute.googleapis.com/compute/v1/projects/1091783968160 {"kind":"compute#project","id":"3413658121816794432","creationTimestamp":"2025-11-28T09:28:15.396-08:00","name":"studio-9130063297-9636d","commonInstanceMetadata":{"kind":"compute#metadata","fingerprint":"rwkQ8UA2e4Q=","items":[{"key":"enable-oslogin","value":"true"}]},"quotas":[{"metric":"SNAPSHOTS","limit":1000,"usage":0},{"metric":"NETWORKS","limit":5,"usage":1},{"metric":"FIREWALLS","limit":100,"usage":4},{"metric":"IMAGES","limit":100,"usage":0},{"metric":"STATIC_ADDRESSES","limit":8,"usage":0},{"metric":"ROUTES","limit":200,"usage":0},{"metric":"FORWARDING_RULES","limit":15,"usage":0},{"metric":"TARGET_POOLS","limit":50,"usage":0},{"metric":"HEALTH_CHECKS","limit":75,"usage":0},{"metric":"IN_USE_ADDRESSES","limit":8,"usage":0},{"metric":"TARGET_INSTANCES","limit":50,"usage":0},{"metric":"TARGET_HTTP_PROXIES","limit":10,"usage":0},{"metric":"URL_MAPS","limit":10,"usage":0},{"metric":"BACKEND_SERVICES","limit":50,"usage":0},{"metric":"INSTANCE_TEMPLATES","limit":100,"usage":0},{"metric":"TARGET_VPN_GATEWAYS","limit":5,"usage":0},{"metric":"VPN_TUNNELS","limit":10,"usage":0},{"metric":"BACKEND_BUCKETS","limit":3,"usage":0},{"metric":"ROUTERS","limit":10,"usage":0},{"metric":"TARGET_SSL_PROXIES","limit":10,"usage":0},{"metric":"TARGET_HTTPS_PROXIES","limit":10,"usage":0},{"metric":"SSL_CERTIFICATES","limit":10,"usage":0},{"metric":"SUBNETWORKS","limit":100,"usage":0},{"metric":"TARGET_TCP_PROXIES","limit":10,"usage":0},{"metric":"CPUS_ALL_REGIONS","limit":32,"usage":0},{"metric":"SECURITY_POLICIES","limit":10,"usage":0},{"metric":"SECURITY_POLICY_RULES","limit":100,"usage":0},{"metric":"XPN_SERVICE_PROJECTS","limit":1000,"usage":0},{"metric":"PACKET_MIRRORINGS","limit":20,"usage":0},{"metric":"NETWORK_ENDPOINT_GROUPS","limit":100,"usage":0},{"metric":"INTERCONNECTS","limit":6,"usage":0},{"metric":"SSL_POLICIES","limit":10,"usage":0},{"metric":"GLOBAL_INTERNAL_ADDRESSES","limit":5000,"usage":0},{"metric":"VPN_GATEWAYS","limit":5,"usage":0},{"metric":"MACHINE_IMAGES","limit":100,"usage":0},{"metric":"SECURITY_POLICY_CEVAL_RULES","limit":20,"usage":0},{"metric":"GPUS_ALL_REGIONS","limit":0,"usage":0},{"metric":"EXTERNAL_VPN_GATEWAYS","limit":5,"usage":0},{"metric":"PUBLIC_ADVERTISED_PREFIXES","limit":1,"usage":0},{"metric":"PUBLIC_DELEGATED_PREFIXES","limit":10,"usage":0},{"metric":"STATIC_BYOIP_ADDRESSES","limit":128,"usage":0},{"metric":"NETWORK_FIREWALL_POLICIES","limit":10,"usage":0},{"metric":"INTERNAL_TRAFFIC_DIRECTOR_FORWARDING_RULES","limit":15,"usage":0},{"metric":"GLOBAL_EXTERNAL_MANAGED_FORWARDING_RULES","limit":15,"usage":0},{"metric":"GLOBAL_INTERNAL_MANAGED_BACKEND_SERVICES","limit":50,"usage":0},{"metric":"GLOBAL_EXTERNAL_MANAGED_BACKEND_SERVICES","limit":50,"usage":0},{"metric":"GLOBAL_EXTERNAL_PROXY_LB_BACKEND_SERVICES","limit":50,"usage":0},{"metric":"GLOBAL_INTERNAL_TRAFFIC_DIRECTOR_BACKEND_SERVICES","limit":250,"usage":0}],"selfLink":"https://www.googleapis.com/compute/v1/projects/studio-9130063297-9636d","defaultServiceAccount":"1091783968160-compute@developer.gserviceaccount.com","xpnProjectStatus":"UNSPECIFIED_XPN_PROJECT_STATUS","defaultNetworkTier":"PREMIUM","vmDnsSetting":"ZONAL_ONLY","cloudArmorTier":"CA_STANDARD"}
[debug] [2025-12-04T15:37:24.170Z] Checked if tokens are valid: true, expires at: 1764864933160
[debug] [2025-12-04T15:37:24.170Z] Checked if tokens are valid: true, expires at: 1764864933160
[debug] [2025-12-04T15:37:24.170Z] >>> [apiv2][query] GET https://cloudbilling.googleapis.com/v1/projects/studio-9130063297-9636d/billingInfo [none]
[debug] [2025-12-04T15:37:24.835Z] <<< [apiv2][status] GET https://cloudbilling.googleapis.com/v1/projects/studio-9130063297-9636d/billingInfo 200
[debug] [2025-12-04T15:37:24.835Z] <<< [apiv2][body] GET https://cloudbilling.googleapis.com/v1/projects/studio-9130063297-9636d/billingInfo {"name":"projects/studio-9130063297-9636d/billingInfo","projectId":"studio-9130063297-9636d","billingAccountName":"billingAccounts/014850-380CB9-CE0C58","billingEnabled":true}
[debug] [2025-12-04T15:37:24.837Z] Checked if tokens are valid: true, expires at: 1764864933160
[debug] [2025-12-04T15:37:24.837Z] Checked if tokens are valid: true, expires at: 1764864933160
[debug] [2025-12-04T15:37:24.837Z] >>> [apiv2][query] POST https://cloudfunctions.googleapis.com/v2/projects/studio-9130063297-9636d/locations/us-central1/functions:generateUploadUrl [none]
[debug] [2025-12-04T15:37:25.093Z] <<< [apiv2][status] POST https://cloudfunctions.googleapis.com/v2/projects/studio-9130063297-9636d/locations/us-central1/functions:generateUploadUrl 200
[debug] [2025-12-04T15:37:25.093Z] <<< [apiv2][body] POST https://cloudfunctions.googleapis.com/v2/projects/studio-9130063297-9636d/locations/us-central1/functions:generateUploadUrl {"uploadUrl":"https://storage.googleapis.com/gcf-v2-uploads-1091783968160.us-central1.cloudfunctions.appspot.com/6be29cca-0261-4459-b26b-15f79d29ac80.zip?GoogleAccessId=service-1091783968160@gcf-admin-robot.iam.gserviceaccount.com&Expires=1764864445&Signature=thWce5QODVgt1juXjdhlLT%2BHnmoMHeOtLp81xT7ziz7a1nHZSvkfxkq%2F8us57kDbBXTPY2gUTpBub%2F2lVaQ6ONVl6ucXsYE%2BmTk46DCNGpQQzgyvMGqgjgC9RV9z%2FjJOxSDQSzAB%2BoHMeF%2BQug4X7V6VKxe8Xfieqcdr7%2BR%2FfY3e3DoeKp2etc21USjLWNVa1ynn04o3iNQdAGsbJ5LvXIRP0g%2B8%2FoGxHHQyRvrYVj1gHuz185E9LEPRDQiamGnhVPqP8Z%2BS2fVuYzVQu6fVsc9isBQiVjWXNqSbYojQxOIylwyE%2FbEdmQW2C8KZGy2WmGDBuXBC%2BPbWCAlWctWe%2Fw%3D%3D","storageSource":{"bucket":"gcf-v2-uploads-1091783968160.us-central1.cloudfunctions.appspot.com","object":"6be29cca-0261-4459-b26b-15f79d29ac80.zip"}}
[debug] [2025-12-04T15:37:25.094Z] >>> [apiv2][query] PUT https://storage.googleapis.com/gcf-v2-uploads-1091783968160.us-central1.cloudfunctions.appspot.com/6be29cca-0261-4459-b26b-15f79d29ac80.zip GoogleAccessId=service-1091783968160%40gcf-admin-robot.iam.gserviceaccount.com&Expires=1764864445&Signature=thWce5QODVgt1juXjdhlLT%2BHnmoMHeOtLp81xT7ziz7a1nHZSvkfxkq%2F8us57kDbBXTPY2gUTpBub%2F2lVaQ6ONVl6ucXsYE%2BmTk46DCNGpQQzgyvMGqgjgC9RV9z%2FjJOxSDQSzAB%2BoHMeF%2BQug4X7V6VKxe8Xfieqcdr7%2BR%2FfY3e3DoeKp2etc21USjLWNVa1ynn04o3iNQdAGsbJ5LvXIRP0g%2B8%2FoGxHHQyRvrYVj1gHuz185E9LEPRDQiamGnhVPqP8Z%2BS2fVuYzVQu6fVsc9isBQiVjWXNqSbYojQxOIylwyE%2FbEdmQW2C8KZGy2WmGDBuXBC%2BPbWCAlWctWe%2Fw%3D%3D
[debug] [2025-12-04T15:37:25.094Z] >>> [apiv2][body] PUT https://storage.googleapis.com/gcf-v2-uploads-1091783968160.us-central1.cloudfunctions.appspot.com/6be29cca-0261-4459-b26b-15f79d29ac80.zip [stream]
[debug] [2025-12-04T15:37:25.487Z] <<< [apiv2][status] PUT https://storage.googleapis.com/gcf-v2-uploads-1091783968160.us-central1.cloudfunctions.appspot.com/6be29cca-0261-4459-b26b-15f79d29ac80.zip 200
[debug] [2025-12-04T15:37:25.488Z] <<< [apiv2][body] PUT https://storage.googleapis.com/gcf-v2-uploads-1091783968160.us-central1.cloudfunctions.appspot.com/6be29cca-0261-4459-b26b-15f79d29ac80.zip [omitted]
[info]   functions: functions source uploaded successfully 
[info] i  functions: updating Node.js 20 (2nd Gen) function generateChatResponse(us-central1)... 
[debug] [2025-12-04T15:37:25.495Z] Checked if tokens are valid: true, expires at: 1764864933160
[debug] [2025-12-04T15:37:25.495Z] Checked if tokens are valid: true, expires at: 1764864933160
[debug] [2025-12-04T15:37:25.495Z] >>> [apiv2][query] PATCH https://cloudfunctions.googleapis.com/v2/projects/studio-9130063297-9636d/locations/us-central1/functions/generateChatResponse updateMask=name%2CbuildConfig.runtime%2CbuildConfig.entryPoint%2CbuildConfig.source.storageSource.bucket%2CbuildConfig.source.storageSource.object%2CbuildConfig.environmentVariables%2CbuildConfig.sourceToken%2CserviceConfig.environmentVariables%2CserviceConfig.secretEnvironmentVariables%2CserviceConfig.ingressSettings%2CserviceConfig.timeoutSeconds%2CserviceConfig.serviceAccountEmail%2CserviceConfig.availableMemory%2CserviceConfig.minInstanceCount%2CserviceConfig.maxInstanceCount%2CserviceConfig.maxInstanceRequestConcurrency%2CserviceConfig.availableCpu%2CserviceConfig.vpcConnector%2CserviceConfig.vpcConnectorEgressSettings%2Clabels
[debug] [2025-12-04T15:37:25.495Z] >>> [apiv2][body] PATCH https://cloudfunctions.googleapis.com/v2/projects/studio-9130063297-9636d/locations/us-central1/functions/generateChatResponse {"name":"projects/studio-9130063297-9636d/locations/us-central1/functions/generateChatResponse","buildConfig":{"runtime":"nodejs20","entryPoint":"generateChatResponse","source":{"storageSource":{"bucket":"gcf-v2-uploads-1091783968160.us-central1.cloudfunctions.appspot.com","object":"6be29cca-0261-4459-b26b-15f79d29ac80.zip"}},"environmentVariables":{"GOOGLE_NODE_RUN_SCRIPTS":""}},"serviceConfig":{"environmentVariables":{"FIREBASE_CONFIG":"{\"projectId\":\"studio-9130063297-9636d\",\"storageBucket\":\"studio-9130063297-9636d.firebasestorage.app\"}","GCLOUD_PROJECT":"studio-9130063297-9636d","EVENTARC_CLOUD_EVENT_SOURCE":"projects/studio-9130063297-9636d/locations/us-central1/services/generateChatResponse","FUNCTION_TARGET":"generateChatResponse","LOG_EXECUTION_ID":"true","FUNCTION_SIGNATURE_TYPE":"http"},"secretEnvironmentVariables":[{"key":"GOOGLE_GEN_AI_KEY","secret":"GOOGLE_GEN_AI_KEY","projectId":"studio-9130063297-9636d","version":"2"}],"ingressSettings":null,"timeoutSeconds":null,"serviceAccountEmail":null,"availableMemory":"256Mi","minInstanceCount":null,"maxInstanceCount":10,"maxInstanceRequestConcurrency":80,"availableCpu":"1","vpcConnector":null,"vpcConnectorEgressSettings":null},"labels":{"deployment-tool":"cli-firebase","firebase-functions-hash":"1a21e0468ccd93a39b76fcd9db9b5b343b3db56d"}}
